INFO main com.cengage.sharedmemory.SharedObjectMap - Creating shared object repository with prefix test in C:\Users\Paul\AppData\Local\Temp\
	INFO main com.cengage.sharedmemory.SharedObjectMap - Creating shared object repository with prefix test in C:\Users\Paul\AppData\Local\Temp\
	ERROR main com.cengage.sharedmemory.SharedObjectMap - Failed to intiialize map
	org.apache.lucene.store.NoSuchDirectoryException: directory 'C:\Users\Paul\AppData\Local\Temp\;index' does not exist
	at org.apache.lucene.store.FSDirectory.listAll(FSDirectory.java:220)
	at org.apache.lucene.store.FSDirectory.listAll(FSDirectory.java:243)
	at org.apache.lucene.index.SegmentInfos$FindSegmentsFile.run(SegmentInfos.java:679)
	at org.apache.lucene.index.StandardDirectoryReader.open(StandardDirectoryReader.java:52)
	at org.apache.lucene.index.DirectoryReader.open(DirectoryReader.java:65)
	at com.cengage.sharedmemory.SharedObjectMap.<init>(SharedObjectMap.java:63)
	at com.cengage.sharedmemory.SharedObjectMapTest.canAcceptAnObjectToStore(SharedObjectMapTest.java:11)
	at sun.reflect.NativeMethodAccessorImpl.invoke0(Native Method)
	at sun.reflect.NativeMethodAccessorImpl.invoke(Unknown Source)
	at sun.reflect.DelegatingMethodAccessorImpl.invoke(Unknown Source)
	at java.lang.reflect.Method.invoke(Unknown Source)
	at org.junit.runners.model.FrameworkMethod$1.runReflectiveCall(FrameworkMethod.java:45)
	at org.junit.internal.runners.model.ReflectiveCallable.run(ReflectiveCallable.java:15)
	at org.junit.runners.model.FrameworkMethod.invokeExplosively(FrameworkMethod.java:42)
	at org.junit.internal.runners.statements.InvokeMethod.evaluate(InvokeMethod.java:20)
	at org.junit.runners.ParentRunner.runLeaf(ParentRunner.java:263)
	at org.junit.runners.BlockJUnit4ClassRunner.runChild(BlockJUnit4ClassRunner.java:68)
	at org.junit.runners.BlockJUnit4ClassRunner.runChild(BlockJUnit4ClassRunner.java:47)
	at org.junit.runners.ParentRunner$3.run(ParentRunner.java:231)
	at org.junit.runners.ParentRunner$1.schedule(ParentRunner.java:60)
	at org.junit.runners.ParentRunner.runChildren(ParentRunner.java:229)
	at org.junit.runners.ParentRunner.access$000(ParentRunner.java:50)
	at org.junit.runners.ParentRunner$2.evaluate(ParentRunner.java:222)
	at org.junit.runners.ParentRunner.run(ParentRunner.java:300)
	at org.eclipse.jdt.internal.junit4.runner.JUnit4TestReference.run(JUnit4TestReference.java:50)
	at org.eclipse.jdt.internal.junit.runner.TestExecution.run(TestExecution.java:38)
	at org.eclipse.jdt.internal.junit.runner.RemoteTestRunner.runTests(RemoteTestRunner.java:467)
	at org.eclipse.jdt.internal.junit.runner.RemoteTestRunner.runTests(RemoteTestRunner.java:683)
	at org.eclipse.jdt.internal.junit.runner.RemoteTestRunner.run(RemoteTestRunner.java:390)
	at org.eclipse.jdt.internal.junit.runner.RemoteTestRunner.main(RemoteTestRunner.java:197)
INFO main com.cengage.sharedmemory.SharedObjectMap - Creating shared object repository with prefix test in C:\Users\Paul\AppData\Local\Temp\
	ERROR main com.cengage.sharedmemory.SharedObjectMap - Failed to intiialize map
	org.apache.lucene.store.NoSuchDirectoryException: directory 'C:\Users\Paul\AppData\Local\Temp\index' does not exist
	at org.apache.lucene.store.FSDirectory.listAll(FSDirectory.java:220)
	at org.apache.lucene.store.FSDirectory.listAll(FSDirectory.java:243)
	at org.apache.lucene.index.SegmentInfos$FindSegmentsFile.run(SegmentInfos.java:679)
	at org.apache.lucene.index.StandardDirectoryReader.open(StandardDirectoryReader.java:52)
	at org.apache.lucene.index.DirectoryReader.open(DirectoryReader.java:65)
	at com.cengage.sharedmemory.SharedObjectMap.<init>(SharedObjectMap.java:63)
	at com.cengage.sharedmemory.SharedObjectMapTest.canAcceptAnObjectToStore(SharedObjectMapTest.java:11)
	at sun.reflect.NativeMethodAccessorImpl.invoke0(Native Method)
	at sun.reflect.NativeMethodAccessorImpl.invoke(Unknown Source)
	at sun.reflect.DelegatingMethodAccessorImpl.invoke(Unknown Source)
	at java.lang.reflect.Method.invoke(Unknown Source)
	at org.junit.runners.model.FrameworkMethod$1.runReflectiveCall(FrameworkMethod.java:45)
	at org.junit.internal.runners.model.ReflectiveCallable.run(ReflectiveCallable.java:15)
	at org.junit.runners.model.FrameworkMethod.invokeExplosively(FrameworkMethod.java:42)
	at org.junit.internal.runners.statements.InvokeMethod.evaluate(InvokeMethod.java:20)
	at org.junit.runners.ParentRunner.runLeaf(ParentRunner.java:263)
	at org.junit.runners.BlockJUnit4ClassRunner.runChild(BlockJUnit4ClassRunner.java:68)
	at org.junit.runners.BlockJUnit4ClassRunner.runChild(BlockJUnit4ClassRunner.java:47)
	at org.junit.runners.ParentRunner$3.run(ParentRunner.java:231)
	at org.junit.runners.ParentRunner$1.schedule(ParentRunner.java:60)
	at org.junit.runners.ParentRunner.runChildren(ParentRunner.java:229)
	at org.junit.runners.ParentRunner.access$000(ParentRunner.java:50)
	at org.junit.runners.ParentRunner$2.evaluate(ParentRunner.java:222)
	at org.junit.runners.ParentRunner.run(ParentRunner.java:300)
	at org.eclipse.jdt.internal.junit4.runner.JUnit4TestReference.run(JUnit4TestReference.java:50)
	at org.eclipse.jdt.internal.junit.runner.TestExecution.run(TestExecution.java:38)
	at org.eclipse.jdt.internal.junit.runner.RemoteTestRunner.runTests(RemoteTestRunner.java:467)
	at org.eclipse.jdt.internal.junit.runner.RemoteTestRunner.runTests(RemoteTestRunner.java:683)
	at org.eclipse.jdt.internal.junit.runner.RemoteTestRunner.run(RemoteTestRunner.java:390)
	at org.eclipse.jdt.internal.junit.runner.RemoteTestRunner.main(RemoteTestRunner.java:197)
INFO main com.cengage.sharedmemory.SharedObjectMap - Creating shared object repository with prefix test in C:\Users\Paul\AppData\Local\Temp\
	ERROR main com.cengage.sharedmemory.SharedObjectMap - Failed to intiialize map
	org.apache.lucene.store.NoSuchDirectoryException: directory 'C:\Users\Paul\AppData\Local\Temp\index' does not exist
	at org.apache.lucene.store.FSDirectory.listAll(FSDirectory.java:220)
	at org.apache.lucene.store.FSDirectory.listAll(FSDirectory.java:243)
	at org.apache.lucene.index.SegmentInfos$FindSegmentsFile.run(SegmentInfos.java:679)
	at org.apache.lucene.index.StandardDirectoryReader.open(StandardDirectoryReader.java:52)
	at org.apache.lucene.index.DirectoryReader.open(DirectoryReader.java:65)
	at com.cengage.sharedmemory.SharedObjectMap.<init>(SharedObjectMap.java:63)
	at com.cengage.sharedmemory.SharedObjectMapTest.canAcceptAnObjectToStore(SharedObjectMapTest.java:11)
	at sun.reflect.NativeMethodAccessorImpl.invoke0(Native Method)
	at sun.reflect.NativeMethodAccessorImpl.invoke(Unknown Source)
	at sun.reflect.DelegatingMethodAccessorImpl.invoke(Unknown Source)
	at java.lang.reflect.Method.invoke(Unknown Source)
	at org.junit.runners.model.FrameworkMethod$1.runReflectiveCall(FrameworkMethod.java:45)
	at org.junit.internal.runners.model.ReflectiveCallable.run(ReflectiveCallable.java:15)
	at org.junit.runners.model.FrameworkMethod.invokeExplosively(FrameworkMethod.java:42)
	at org.junit.internal.runners.statements.InvokeMethod.evaluate(InvokeMethod.java:20)
	at org.junit.runners.ParentRunner.runLeaf(ParentRunner.java:263)
	at org.junit.runners.BlockJUnit4ClassRunner.runChild(BlockJUnit4ClassRunner.java:68)
	at org.junit.runners.BlockJUnit4ClassRunner.runChild(BlockJUnit4ClassRunner.java:47)
	at org.junit.runners.ParentRunner$3.run(ParentRunner.java:231)
	at org.junit.runners.ParentRunner$1.schedule(ParentRunner.java:60)
	at org.junit.runners.ParentRunner.runChildren(ParentRunner.java:229)
	at org.junit.runners.ParentRunner.access$000(ParentRunner.java:50)
	at org.junit.runners.ParentRunner$2.evaluate(ParentRunner.java:222)
	at org.junit.runners.ParentRunner.run(ParentRunner.java:300)
	at org.eclipse.jdt.internal.junit4.runner.JUnit4TestReference.run(JUnit4TestReference.java:50)
	at org.eclipse.jdt.internal.junit.runner.TestExecution.run(TestExecution.java:38)
	at org.eclipse.jdt.internal.junit.runner.RemoteTestRunner.runTests(RemoteTestRunner.java:467)
	at org.eclipse.jdt.internal.junit.runner.RemoteTestRunner.runTests(RemoteTestRunner.java:683)
	at org.eclipse.jdt.internal.junit.runner.RemoteTestRunner.run(RemoteTestRunner.java:390)
	at org.eclipse.jdt.internal.junit.runner.RemoteTestRunner.main(RemoteTestRunner.java:197)
INFO main com.cengage.sharedmemory.SharedObjectMap - Creating shared object repository with prefix test in C:\Users\Paul\AppData\Local\Temp\
	ERROR main com.cengage.sharedmemory.SharedObjectMap - Failed to intiialize map
	org.apache.lucene.store.NoSuchDirectoryException: directory 'C:\Users\Paul\AppData\Local\Temp\index' does not exist
	at org.apache.lucene.store.FSDirectory.listAll(FSDirectory.java:220)
	at org.apache.lucene.store.FSDirectory.listAll(FSDirectory.java:243)
	at org.apache.lucene.index.SegmentInfos$FindSegmentsFile.run(SegmentInfos.java:679)
	at org.apache.lucene.index.StandardDirectoryReader.open(StandardDirectoryReader.java:52)
	at org.apache.lucene.index.DirectoryReader.open(DirectoryReader.java:65)
	at com.cengage.sharedmemory.SharedObjectMap.<init>(SharedObjectMap.java:63)
	at com.cengage.sharedmemory.SharedObjectMapTest.canAcceptAnObjectToStore(SharedObjectMapTest.java:11)
	at sun.reflect.NativeMethodAccessorImpl.invoke0(Native Method)
	at sun.reflect.NativeMethodAccessorImpl.invoke(Unknown Source)
	at sun.reflect.DelegatingMethodAccessorImpl.invoke(Unknown Source)
	at java.lang.reflect.Method.invoke(Unknown Source)
	at org.junit.runners.model.FrameworkMethod$1.runReflectiveCall(FrameworkMethod.java:45)
	at org.junit.internal.runners.model.ReflectiveCallable.run(ReflectiveCallable.java:15)
	at org.junit.runners.model.FrameworkMethod.invokeExplosively(FrameworkMethod.java:42)
	at org.junit.internal.runners.statements.InvokeMethod.evaluate(InvokeMethod.java:20)
	at org.junit.runners.ParentRunner.runLeaf(ParentRunner.java:263)
	at org.junit.runners.BlockJUnit4ClassRunner.runChild(BlockJUnit4ClassRunner.java:68)
	at org.junit.runners.BlockJUnit4ClassRunner.runChild(BlockJUnit4ClassRunner.java:47)
	at org.junit.runners.ParentRunner$3.run(ParentRunner.java:231)
	at org.junit.runners.ParentRunner$1.schedule(ParentRunner.java:60)
	at org.junit.runners.ParentRunner.runChildren(ParentRunner.java:229)
	at org.junit.runners.ParentRunner.access$000(ParentRunner.java:50)
	at org.junit.runners.ParentRunner$2.evaluate(ParentRunner.java:222)
	at org.junit.runners.ParentRunner.run(ParentRunner.java:300)
	at org.eclipse.jdt.internal.junit4.runner.JUnit4TestReference.run(JUnit4TestReference.java:50)
	at org.eclipse.jdt.internal.junit.runner.TestExecution.run(TestExecution.java:38)
	at org.eclipse.jdt.internal.junit.runner.RemoteTestRunner.runTests(RemoteTestRunner.java:467)
	at org.eclipse.jdt.internal.junit.runner.RemoteTestRunner.runTests(RemoteTestRunner.java:683)
	at org.eclipse.jdt.internal.junit.runner.RemoteTestRunner.run(RemoteTestRunner.java:390)
	at org.eclipse.jdt.internal.junit.runner.RemoteTestRunner.main(RemoteTestRunner.java:197)
INFO main com.cengage.sharedmemory.SharedObjectMap - Creating shared object repository with prefix test in C:\Users\Paul\AppData\Local\Temp\
	ERROR main com.cengage.sharedmemory.SharedObjectMap - Failed to intiialize map
	org.apache.lucene.store.NoSuchDirectoryException: directory 'C:\Users\Paul\AppData\Local\Temp\index' does not exist
	at org.apache.lucene.store.FSDirectory.listAll(FSDirectory.java:220)
	at org.apache.lucene.store.FSDirectory.listAll(FSDirectory.java:243)
	at org.apache.lucene.index.SegmentInfos$FindSegmentsFile.run(SegmentInfos.java:679)
	at org.apache.lucene.index.StandardDirectoryReader.open(StandardDirectoryReader.java:52)
	at org.apache.lucene.index.DirectoryReader.open(DirectoryReader.java:65)
	at com.cengage.sharedmemory.SharedObjectMap.<init>(SharedObjectMap.java:63)
	at com.cengage.sharedmemory.SharedObjectMapTest.canAcceptAnObjectToStore(SharedObjectMapTest.java:11)
	at sun.reflect.NativeMethodAccessorImpl.invoke0(Native Method)
	at sun.reflect.NativeMethodAccessorImpl.invoke(Unknown Source)
	at sun.reflect.DelegatingMethodAccessorImpl.invoke(Unknown Source)
	at java.lang.reflect.Method.invoke(Unknown Source)
	at org.junit.runners.model.FrameworkMethod$1.runReflectiveCall(FrameworkMethod.java:45)
	at org.junit.internal.runners.model.ReflectiveCallable.run(ReflectiveCallable.java:15)
	at org.junit.runners.model.FrameworkMethod.invokeExplosively(FrameworkMethod.java:42)
	at org.junit.internal.runners.statements.InvokeMethod.evaluate(InvokeMethod.java:20)
	at org.junit.runners.ParentRunner.runLeaf(ParentRunner.java:263)
	at org.junit.runners.BlockJUnit4ClassRunner.runChild(BlockJUnit4ClassRunner.java:68)
	at org.junit.runners.BlockJUnit4ClassRunner.runChild(BlockJUnit4ClassRunner.java:47)
	at org.junit.runners.ParentRunner$3.run(ParentRunner.java:231)
	at org.junit.runners.ParentRunner$1.schedule(ParentRunner.java:60)
	at org.junit.runners.ParentRunner.runChildren(ParentRunner.java:229)
	at org.junit.runners.ParentRunner.access$000(ParentRunner.java:50)
	at org.junit.runners.ParentRunner$2.evaluate(ParentRunner.java:222)
	at org.junit.runners.ParentRunner.run(ParentRunner.java:300)
	at org.eclipse.jdt.internal.junit4.runner.JUnit4TestReference.run(JUnit4TestReference.java:50)
	at org.eclipse.jdt.internal.junit.runner.TestExecution.run(TestExecution.java:38)
	at org.eclipse.jdt.internal.junit.runner.RemoteTestRunner.runTests(RemoteTestRunner.java:467)
	at org.eclipse.jdt.internal.junit.runner.RemoteTestRunner.runTests(RemoteTestRunner.java:683)
	at org.eclipse.jdt.internal.junit.runner.RemoteTestRunner.run(RemoteTestRunner.java:390)
	at org.eclipse.jdt.internal.junit.runner.RemoteTestRunner.main(RemoteTestRunner.java:197)
INFO main com.cengage.sharedmemory.SharedObjectMap - Creating shared object repository with prefix test in C:\Users\Paul\AppData\Local\Temp\
	ERROR main com.cengage.sharedmemory.SharedObjectMap - Failed to intiialize map
	org.apache.lucene.index.IndexNotFoundException: no segments* file found in org.apache.lucene.store.MMapDirectory@C:\Users\Paul\AppData\Local\Temp\index lockFactory=org.apache.lucene.store.NativeFSLockFactory@435db13f: files: [write.lock]
	at org.apache.lucene.index.SegmentInfos$FindSegmentsFile.run(SegmentInfos.java:741)
	at org.apache.lucene.index.StandardDirectoryReader.open(StandardDirectoryReader.java:52)
	at org.apache.lucene.index.DirectoryReader.open(DirectoryReader.java:65)
	at com.cengage.sharedmemory.SharedObjectMap.<init>(SharedObjectMap.java:64)
	at com.cengage.sharedmemory.SharedObjectMapTest.canAcceptAnObjectToStore(SharedObjectMapTest.java:11)
	at sun.reflect.NativeMethodAccessorImpl.invoke0(Native Method)
	at sun.reflect.NativeMethodAccessorImpl.invoke(Unknown Source)
	at sun.reflect.DelegatingMethodAccessorImpl.invoke(Unknown Source)
	at java.lang.reflect.Method.invoke(Unknown Source)
	at org.junit.runners.model.FrameworkMethod$1.runReflectiveCall(FrameworkMethod.java:45)
	at org.junit.internal.runners.model.ReflectiveCallable.run(ReflectiveCallable.java:15)
	at org.junit.runners.model.FrameworkMethod.invokeExplosively(FrameworkMethod.java:42)
	at org.junit.internal.runners.statements.InvokeMethod.evaluate(InvokeMethod.java:20)
	at org.junit.runners.ParentRunner.runLeaf(ParentRunner.java:263)
	at org.junit.runners.BlockJUnit4ClassRunner.runChild(BlockJUnit4ClassRunner.java:68)
	at org.junit.runners.BlockJUnit4ClassRunner.runChild(BlockJUnit4ClassRunner.java:47)
	at org.junit.runners.ParentRunner$3.run(ParentRunner.java:231)
	at org.junit.runners.ParentRunner$1.schedule(ParentRunner.java:60)
	at org.junit.runners.ParentRunner.runChildren(ParentRunner.java:229)
	at org.junit.runners.ParentRunner.access$000(ParentRunner.java:50)
	at org.junit.runners.ParentRunner$2.evaluate(ParentRunner.java:222)
	at org.junit.runners.ParentRunner.run(ParentRunner.java:300)
	at org.eclipse.jdt.internal.junit4.runner.JUnit4TestReference.run(JUnit4TestReference.java:50)
	at org.eclipse.jdt.internal.junit.runner.TestExecution.run(TestExecution.java:38)
	at org.eclipse.jdt.internal.junit.runner.RemoteTestRunner.runTests(RemoteTestRunner.java:467)
	at org.eclipse.jdt.internal.junit.runner.RemoteTestRunner.runTests(RemoteTestRunner.java:683)
	at org.eclipse.jdt.internal.junit.runner.RemoteTestRunner.run(RemoteTestRunner.java:390)
	at org.eclipse.jdt.internal.junit.runner.RemoteTestRunner.main(RemoteTestRunner.java:197)
INFO main com.cengage.sharedmemory.SharedObjectMap - Creating shared object repository with prefix test in C:\Users\Paul\AppData\Local\Temp\
	INFO main com.cengage.sharedmemory.SharedObjectMap - Creating shared object repository with prefix test in C:\Users\Paul\AppData\Local\Temp\
	INFO main com.cengage.sharedmemory.SharedObjectMap - Creating shared object repository with prefix test in C:\Users\Paul\AppData\Local\Temp\
	DEBUG main com.cengage.sharedmemory.SharedObjectMap - Adding key :key
	INFO main com.orbism.sharedmemory.SharedObjectMap - Creating shared object repository with prefix test in /tmp
	DEBUG main com.orbism.sharedmemory.SharedObjectMap - Adding key :key
	INFO main com.orbism.sharedmemory.SharedObjectMap - Creating shared object repository with prefix test in /tmp
	DEBUG main com.orbism.sharedmemory.SharedObjectMap - Adding key :key
	INFO main com.orbism.sharedmemory.SharedObjectMap - Creating shared object repository with prefix test in /tmp
	DEBUG main com.orbism.sharedmemory.SharedObjectMap - Adding key :key
	